<?xml version="1.0" encoding="UTF-8"?>
<testsuite xmlns:xsi="http://www.w3.org/2001/XMLSchema-instance" xsi:noNamespaceSchemaLocation="https://maven.apache.org/surefire/maven-surefire-plugin/xsd/surefire-test-report.xsd" name="GarageKarateTest" time="9.866" tests="12" errors="0" skipped="0" failures="0">
  <properties>
    <property name="awt.toolkit" value="sun.lwawt.macosx.LWCToolkit"/>
    <property name="java.specification.version" value="12"/>
    <property name="sun.jnu.encoding" value="UTF-8"/>
    <property name="java.class.path" value="/Users/ezekielarakotoarijaona/Documents/Documents - MacBook Pro de Ezekiela/Etudes/M1/S8/WebServices/auto_coin_api/target/test-classes:/Users/ezekielarakotoarijaona/Documents/Documents - MacBook Pro de Ezekiela/Etudes/M1/S8/WebServices/auto_coin_api/target/classes:/Users/ezekielarakotoarijaona/.m2/repository/org/springframework/boot/spring-boot-starter-web/2.1.4.RELEASE/spring-boot-starter-web-2.1.4.RELEASE.jar:/Users/ezekielarakotoarijaona/.m2/repository/org/springframework/boot/spring-boot-starter/2.1.4.RELEASE/spring-boot-starter-2.1.4.RELEASE.jar:/Users/ezekielarakotoarijaona/.m2/repository/org/springframework/boot/spring-boot-starter-logging/2.1.4.RELEASE/spring-boot-starter-logging-2.1.4.RELEASE.jar:/Users/ezekielarakotoarijaona/.m2/repository/org/apache/logging/log4j/log4j-to-slf4j/2.11.2/log4j-to-slf4j-2.11.2.jar:/Users/ezekielarakotoarijaona/.m2/repository/org/apache/logging/log4j/log4j-api/2.11.2/log4j-api-2.11.2.jar:/Users/ezekielarakotoarijaona/.m2/repository/org/slf4j/jul-to-slf4j/1.7.26/jul-to-slf4j-1.7.26.jar:/Users/ezekielarakotoarijaona/.m2/repository/javax/annotation/javax.annotation-api/1.3.2/javax.annotation-api-1.3.2.jar:/Users/ezekielarakotoarijaona/.m2/repository/org/yaml/snakeyaml/1.23/snakeyaml-1.23.jar:/Users/ezekielarakotoarijaona/.m2/repository/org/springframework/boot/spring-boot-starter-json/2.1.4.RELEASE/spring-boot-starter-json-2.1.4.RELEASE.jar:/Users/ezekielarakotoarijaona/.m2/repository/com/fasterxml/jackson/datatype/jackson-datatype-jdk8/2.9.8/jackson-datatype-jdk8-2.9.8.jar:/Users/ezekielarakotoarijaona/.m2/repository/com/fasterxml/jackson/datatype/jackson-datatype-jsr310/2.9.8/jackson-datatype-jsr310-2.9.8.jar:/Users/ezekielarakotoarijaona/.m2/repository/com/fasterxml/jackson/module/jackson-module-parameter-names/2.9.8/jackson-module-parameter-names-2.9.8.jar:/Users/ezekielarakotoarijaona/.m2/repository/org/springframework/boot/spring-boot-starter-tomcat/2.1.4.RELEASE/spring-boot-starter-tomcat-2.1.4.RELEASE.jar:/Users/ezekielarakotoarijaona/.m2/repository/org/apache/tomcat/embed/tomcat-embed-core/9.0.17/tomcat-embed-core-9.0.17.jar:/Users/ezekielarakotoarijaona/.m2/repository/org/apache/tomcat/embed/tomcat-embed-el/9.0.17/tomcat-embed-el-9.0.17.jar:/Users/ezekielarakotoarijaona/.m2/repository/org/apache/tomcat/embed/tomcat-embed-websocket/9.0.17/tomcat-embed-websocket-9.0.17.jar:/Users/ezekielarakotoarijaona/.m2/repository/org/hibernate/validator/hibernate-validator/6.0.16.Final/hibernate-validator-6.0.16.Final.jar:/Users/ezekielarakotoarijaona/.m2/repository/javax/validation/validation-api/2.0.1.Final/validation-api-2.0.1.Final.jar:/Users/ezekielarakotoarijaona/.m2/repository/org/jboss/logging/jboss-logging/3.3.2.Final/jboss-logging-3.3.2.Final.jar:/Users/ezekielarakotoarijaona/.m2/repository/org/springframework/spring-web/5.1.6.RELEASE/spring-web-5.1.6.RELEASE.jar:/Users/ezekielarakotoarijaona/.m2/repository/org/springframework/spring-webmvc/5.1.6.RELEASE/spring-webmvc-5.1.6.RELEASE.jar:/Users/ezekielarakotoarijaona/.m2/repository/org/springframework/boot/spring-boot-starter-test/2.1.4.RELEASE/spring-boot-starter-test-2.1.4.RELEASE.jar:/Users/ezekielarakotoarijaona/.m2/repository/org/springframework/boot/spring-boot-test/2.1.4.RELEASE/spring-boot-test-2.1.4.RELEASE.jar:/Users/ezekielarakotoarijaona/.m2/repository/org/springframework/boot/spring-boot-test-autoconfigure/2.1.4.RELEASE/spring-boot-test-autoconfigure-2.1.4.RELEASE.jar:/Users/ezekielarakotoarijaona/.m2/repository/com/jayway/jsonpath/json-path/2.4.0/json-path-2.4.0.jar:/Users/ezekielarakotoarijaona/.m2/repository/net/minidev/json-smart/2.3/json-smart-2.3.jar:/Users/ezekielarakotoarijaona/.m2/repository/net/minidev/accessors-smart/1.2/accessors-smart-1.2.jar:/Users/ezekielarakotoarijaona/.m2/repository/org/ow2/asm/asm/5.0.4/asm-5.0.4.jar:/Users/ezekielarakotoarijaona/.m2/repository/junit/junit/4.12/junit-4.12.jar:/Users/ezekielarakotoarijaona/.m2/repository/org/assertj/assertj-core/3.11.1/assertj-core-3.11.1.jar:/Users/ezekielarakotoarijaona/.m2/repository/org/mockito/mockito-core/2.23.4/mockito-core-2.23.4.jar:/Users/ezekielarakotoarijaona/.m2/repository/net/bytebuddy/byte-buddy/1.9.12/byte-buddy-1.9.12.jar:/Users/ezekielarakotoarijaona/.m2/repository/net/bytebuddy/byte-buddy-agent/1.9.12/byte-buddy-agent-1.9.12.jar:/Users/ezekielarakotoarijaona/.m2/repository/org/objenesis/objenesis/2.6/objenesis-2.6.jar:/Users/ezekielarakotoarijaona/.m2/repository/org/hamcrest/hamcrest-core/1.3/hamcrest-core-1.3.jar:/Users/ezekielarakotoarijaona/.m2/repository/org/hamcrest/hamcrest-library/1.3/hamcrest-library-1.3.jar:/Users/ezekielarakotoarijaona/.m2/repository/org/skyscreamer/jsonassert/1.5.0/jsonassert-1.5.0.jar:/Users/ezekielarakotoarijaona/.m2/repository/com/vaadin/external/google/android-json/0.0.20131108.vaadin1/android-json-0.0.20131108.vaadin1.jar:/Users/ezekielarakotoarijaona/.m2/repository/org/springframework/spring-core/5.1.6.RELEASE/spring-core-5.1.6.RELEASE.jar:/Users/ezekielarakotoarijaona/.m2/repository/org/springframework/spring-jcl/5.1.6.RELEASE/spring-jcl-5.1.6.RELEASE.jar:/Users/ezekielarakotoarijaona/.m2/repository/org/springframework/spring-test/5.1.6.RELEASE/spring-test-5.1.6.RELEASE.jar:/Users/ezekielarakotoarijaona/.m2/repository/org/xmlunit/xmlunit-core/2.6.2/xmlunit-core-2.6.2.jar:/Users/ezekielarakotoarijaona/.m2/repository/org/springframework/boot/spring-boot-devtools/2.1.4.RELEASE/spring-boot-devtools-2.1.4.RELEASE.jar:/Users/ezekielarakotoarijaona/.m2/repository/org/springframework/boot/spring-boot/2.1.4.RELEASE/spring-boot-2.1.4.RELEASE.jar:/Users/ezekielarakotoarijaona/.m2/repository/org/springframework/boot/spring-boot-autoconfigure/2.1.4.RELEASE/spring-boot-autoconfigure-2.1.4.RELEASE.jar:/Users/ezekielarakotoarijaona/.m2/repository/org/springframework/boot/spring-boot-starter-data-jpa/2.1.4.RELEASE/spring-boot-starter-data-jpa-2.1.4.RELEASE.jar:/Users/ezekielarakotoarijaona/.m2/repository/org/springframework/boot/spring-boot-starter-aop/2.1.4.RELEASE/spring-boot-starter-aop-2.1.4.RELEASE.jar:/Users/ezekielarakotoarijaona/.m2/repository/org/aspectj/aspectjweaver/1.9.2/aspectjweaver-1.9.2.jar:/Users/ezekielarakotoarijaona/.m2/repository/org/springframework/boot/spring-boot-starter-jdbc/2.1.4.RELEASE/spring-boot-starter-jdbc-2.1.4.RELEASE.jar:/Users/ezekielarakotoarijaona/.m2/repository/com/zaxxer/HikariCP/3.2.0/HikariCP-3.2.0.jar:/Users/ezekielarakotoarijaona/.m2/repository/org/springframework/spring-jdbc/5.1.6.RELEASE/spring-jdbc-5.1.6.RELEASE.jar:/Users/ezekielarakotoarijaona/.m2/repository/javax/transaction/javax.transaction-api/1.3/javax.transaction-api-1.3.jar:/Users/ezekielarakotoarijaona/.m2/repository/org/hibernate/hibernate-core/5.3.9.Final/hibernate-core-5.3.9.Final.jar:/Users/ezekielarakotoarijaona/.m2/repository/javax/persistence/javax.persistence-api/2.2/javax.persistence-api-2.2.jar:/Users/ezekielarakotoarijaona/.m2/repository/org/javassist/javassist/3.23.1-GA/javassist-3.23.1-GA.jar:/Users/ezekielarakotoarijaona/.m2/repository/antlr/antlr/2.7.7/antlr-2.7.7.jar:/Users/ezekielarakotoarijaona/.m2/repository/org/jboss/jandex/2.0.5.Final/jandex-2.0.5.Final.jar:/Users/ezekielarakotoarijaona/.m2/repository/org/dom4j/dom4j/2.1.1/dom4j-2.1.1.jar:/Users/ezekielarakotoarijaona/.m2/repository/org/hibernate/common/hibernate-commons-annotations/5.0.4.Final/hibernate-commons-annotations-5.0.4.Final.jar:/Users/ezekielarakotoarijaona/.m2/repository/org/springframework/data/spring-data-jpa/2.1.6.RELEASE/spring-data-jpa-2.1.6.RELEASE.jar:/Users/ezekielarakotoarijaona/.m2/repository/org/springframework/data/spring-data-commons/2.1.6.RELEASE/spring-data-commons-2.1.6.RELEASE.jar:/Users/ezekielarakotoarijaona/.m2/repository/org/springframework/spring-orm/5.1.6.RELEASE/spring-orm-5.1.6.RELEASE.jar:/Users/ezekielarakotoarijaona/.m2/repository/org/springframework/spring-tx/5.1.6.RELEASE/spring-tx-5.1.6.RELEASE.jar:/Users/ezekielarakotoarijaona/.m2/repository/org/springframework/spring-aspects/5.1.6.RELEASE/spring-aspects-5.1.6.RELEASE.jar:/Users/ezekielarakotoarijaona/.m2/repository/com/h2database/h2/1.4.199/h2-1.4.199.jar:/Users/ezekielarakotoarijaona/.m2/repository/io/swagger/swagger-annotations/1.5.21/swagger-annotations-1.5.21.jar:/Users/ezekielarakotoarijaona/.m2/repository/org/glassfish/jersey/core/jersey-client/2.25.1/jersey-client-2.25.1.jar:/Users/ezekielarakotoarijaona/.m2/repository/javax/ws/rs/javax.ws.rs-api/2.0.1/javax.ws.rs-api-2.0.1.jar:/Users/ezekielarakotoarijaona/.m2/repository/org/glassfish/jersey/core/jersey-common/2.27/jersey-common-2.27.jar:/Users/ezekielarakotoarijaona/.m2/repository/org/glassfish/hk2/osgi-resource-locator/1.0.1/osgi-resource-locator-1.0.1.jar:/Users/ezekielarakotoarijaona/.m2/repository/org/glassfish/hk2/hk2-api/2.5.0-b32/hk2-api-2.5.0-b32.jar:/Users/ezekielarakotoarijaona/.m2/repository/org/glassfish/hk2/hk2-utils/2.5.0-b32/hk2-utils-2.5.0-b32.jar:/Users/ezekielarakotoarijaona/.m2/repository/org/glassfish/hk2/external/aopalliance-repackaged/2.5.0-b32/aopalliance-repackaged-2.5.0-b32.jar:/Users/ezekielarakotoarijaona/.m2/repository/org/glassfish/hk2/external/javax.inject/2.5.0-b32/javax.inject-2.5.0-b32.jar:/Users/ezekielarakotoarijaona/.m2/repository/org/glassfish/hk2/hk2-locator/2.5.0-b32/hk2-locator-2.5.0-b32.jar:/Users/ezekielarakotoarijaona/.m2/repository/org/glassfish/jersey/media/jersey-media-json-jackson/2.25.1/jersey-media-json-jackson-2.25.1.jar:/Users/ezekielarakotoarijaona/.m2/repository/org/glassfish/jersey/ext/jersey-entity-filtering/2.27/jersey-entity-filtering-2.27.jar:/Users/ezekielarakotoarijaona/.m2/repository/org/glassfish/jersey/media/jersey-media-multipart/2.25.1/jersey-media-multipart-2.25.1.jar:/Users/ezekielarakotoarijaona/.m2/repository/org/jvnet/mimepull/mimepull/1.9.11/mimepull-1.9.11.jar:/Users/ezekielarakotoarijaona/.m2/repository/com/fasterxml/jackson/jaxrs/jackson-jaxrs-base/2.9.5/jackson-jaxrs-base-2.9.5.jar:/Users/ezekielarakotoarijaona/.m2/repository/com/fasterxml/jackson/core/jackson-core/2.9.5/jackson-core-2.9.5.jar:/Users/ezekielarakotoarijaona/.m2/repository/com/fasterxml/jackson/core/jackson-annotations/2.9.5/jackson-annotations-2.9.5.jar:/Users/ezekielarakotoarijaona/.m2/repository/com/fasterxml/jackson/core/jackson-databind/2.9.5/jackson-databind-2.9.5.jar:/Users/ezekielarakotoarijaona/.m2/repository/com/fasterxml/jackson/jaxrs/jackson-jaxrs-json-provider/2.9.5/jackson-jaxrs-json-provider-2.9.5.jar:/Users/ezekielarakotoarijaona/.m2/repository/com/fasterxml/jackson/module/jackson-module-jaxb-annotations/2.9.8/jackson-module-jaxb-annotations-2.9.8.jar:/Users/ezekielarakotoarijaona/.m2/repository/com/fasterxml/jackson/datatype/jackson-datatype-joda/2.9.5/jackson-datatype-joda-2.9.5.jar:/Users/ezekielarakotoarijaona/.m2/repository/joda-time/joda-time/2.7/joda-time-2.7.jar:/Users/ezekielarakotoarijaona/.m2/repository/com/brsanthu/migbase64/2.2/migbase64-2.2.jar:/Users/ezekielarakotoarijaona/.m2/repository/io/springfox/springfox-swagger2/2.9.2/springfox-swagger2-2.9.2.jar:/Users/ezekielarakotoarijaona/.m2/repository/io/swagger/swagger-models/1.5.20/swagger-models-1.5.20.jar:/Users/ezekielarakotoarijaona/.m2/repository/io/springfox/springfox-spi/2.9.2/springfox-spi-2.9.2.jar:/Users/ezekielarakotoarijaona/.m2/repository/io/springfox/springfox-core/2.9.2/springfox-core-2.9.2.jar:/Users/ezekielarakotoarijaona/.m2/repository/io/springfox/springfox-schema/2.9.2/springfox-schema-2.9.2.jar:/Users/ezekielarakotoarijaona/.m2/repository/io/springfox/springfox-swagger-common/2.9.2/springfox-swagger-common-2.9.2.jar:/Users/ezekielarakotoarijaona/.m2/repository/io/springfox/springfox-spring-web/2.9.2/springfox-spring-web-2.9.2.jar:/Users/ezekielarakotoarijaona/.m2/repository/com/google/guava/guava/20.0/guava-20.0.jar:/Users/ezekielarakotoarijaona/.m2/repository/com/fasterxml/classmate/1.4.0/classmate-1.4.0.jar:/Users/ezekielarakotoarijaona/.m2/repository/org/slf4j/slf4j-api/1.7.26/slf4j-api-1.7.26.jar:/Users/ezekielarakotoarijaona/.m2/repository/org/springframework/plugin/spring-plugin-core/1.2.0.RELEASE/spring-plugin-core-1.2.0.RELEASE.jar:/Users/ezekielarakotoarijaona/.m2/repository/org/springframework/plugin/spring-plugin-metadata/1.2.0.RELEASE/spring-plugin-metadata-1.2.0.RELEASE.jar:/Users/ezekielarakotoarijaona/.m2/repository/org/mapstruct/mapstruct/1.2.0.Final/mapstruct-1.2.0.Final.jar:/Users/ezekielarakotoarijaona/.m2/repository/javax/xml/bind/jaxb-api/2.3.1/jaxb-api-2.3.1.jar:/Users/ezekielarakotoarijaona/.m2/repository/javax/activation/javax.activation-api/1.2.0/javax.activation-api-1.2.0.jar:/Users/ezekielarakotoarijaona/.m2/repository/com/intuit/karate/karate-apache/0.9.2/karate-apache-0.9.2.jar:/Users/ezekielarakotoarijaona/.m2/repository/com/intuit/karate/karate-core/0.9.2/karate-core-0.9.2.jar:/Users/ezekielarakotoarijaona/.m2/repository/info/cukes/cucumber-java/1.2.5/cucumber-java-1.2.5.jar:/Users/ezekielarakotoarijaona/.m2/repository/info/cukes/cucumber-core/1.2.5/cucumber-core-1.2.5.jar:/Users/ezekielarakotoarijaona/.m2/repository/de/siegmar/fastcsv/1.0.3/fastcsv-1.0.3.jar:/Users/ezekielarakotoarijaona/.m2/repository/info/picocli/picocli/3.0.1/picocli-3.0.1.jar:/Users/ezekielarakotoarijaona/.m2/repository/org/apache/httpcomponents/httpclient/4.5.8/httpclient-4.5.8.jar:/Users/ezekielarakotoarijaona/.m2/repository/org/apache/httpcomponents/httpcore/4.4.11/httpcore-4.4.11.jar:/Users/ezekielarakotoarijaona/.m2/repository/commons-codec/commons-codec/1.11/commons-codec-1.11.jar:/Users/ezekielarakotoarijaona/.m2/repository/org/apache/httpcomponents/httpmime/4.5.8/httpmime-4.5.8.jar:/Users/ezekielarakotoarijaona/.m2/repository/org/slf4j/jcl-over-slf4j/1.7.26/jcl-over-slf4j-1.7.26.jar:/Users/ezekielarakotoarijaona/.m2/repository/ch/qos/logback/logback-classic/1.2.3/logback-classic-1.2.3.jar:/Users/ezekielarakotoarijaona/.m2/repository/ch/qos/logback/logback-core/1.2.3/logback-core-1.2.3.jar:/Users/ezekielarakotoarijaona/.m2/repository/org/openjfx/javafx-controls/12-ea+9/javafx-controls-12-ea+9.jar:/Users/ezekielarakotoarijaona/.m2/repository/org/openjfx/javafx-controls/12-ea+9/javafx-controls-12-ea+9-mac.jar:/Users/ezekielarakotoarijaona/.m2/repository/org/openjfx/javafx-graphics/12-ea+9/javafx-graphics-12-ea+9.jar:/Users/ezekielarakotoarijaona/.m2/repository/org/openjfx/javafx-graphics/12-ea+9/javafx-graphics-12-ea+9-mac.jar:/Users/ezekielarakotoarijaona/.m2/repository/org/openjfx/javafx-base/12-ea+9/javafx-base-12-ea+9.jar:/Users/ezekielarakotoarijaona/.m2/repository/org/openjfx/javafx-base/12-ea+9/javafx-base-12-ea+9-mac.jar:/Users/ezekielarakotoarijaona/.m2/repository/com/intuit/karate/karate-junit4/0.9.2/karate-junit4-0.9.2.jar:/Users/ezekielarakotoarijaona/.m2/repository/org/springframework/boot/spring-boot-starter-security/2.1.4.RELEASE/spring-boot-starter-security-2.1.4.RELEASE.jar:/Users/ezekielarakotoarijaona/.m2/repository/org/springframework/spring-aop/5.1.6.RELEASE/spring-aop-5.1.6.RELEASE.jar:/Users/ezekielarakotoarijaona/.m2/repository/org/springframework/security/spring-security-config/5.1.5.RELEASE/spring-security-config-5.1.5.RELEASE.jar:/Users/ezekielarakotoarijaona/.m2/repository/org/springframework/spring-beans/5.1.6.RELEASE/spring-beans-5.1.6.RELEASE.jar:/Users/ezekielarakotoarijaona/.m2/repository/org/springframework/spring-context/5.1.6.RELEASE/spring-context-5.1.6.RELEASE.jar:/Users/ezekielarakotoarijaona/.m2/repository/org/springframework/security/spring-security-core/5.1.5.RELEASE/spring-security-core-5.1.5.RELEASE.jar:/Users/ezekielarakotoarijaona/.m2/repository/org/springframework/spring-expression/5.1.6.RELEASE/spring-expression-5.1.6.RELEASE.jar:/Users/ezekielarakotoarijaona/.m2/repository/org/springframework/security/spring-security-web/5.1.5.RELEASE/spring-security-web-5.1.5.RELEASE.jar:/Users/ezekielarakotoarijaona/.m2/repository/com/byteowls/jopencage/1.2.1/jopencage-1.2.1.jar:/Users/ezekielarakotoarijaona/.m2/repository/io/github/swagger2markup/swagger2markup/1.3.1/swagger2markup-1.3.1.jar:/Users/ezekielarakotoarijaona/.m2/repository/io/github/swagger2markup/markup-document-builder/1.1.1/markup-document-builder-1.1.1.jar:/Users/ezekielarakotoarijaona/.m2/repository/org/apache/commons/commons-lang3/3.8.1/commons-lang3-3.8.1.jar:/Users/ezekielarakotoarijaona/.m2/repository/commons-io/commons-io/2.4/commons-io-2.4.jar:/Users/ezekielarakotoarijaona/.m2/repository/nl/jworks/markdown_to_asciidoc/markdown_to_asciidoc/1.0/markdown_to_asciidoc-1.0.jar:/Users/ezekielarakotoarijaona/.m2/repository/org/pegdown/pegdown/1.4.2/pegdown-1.4.2.jar:/Users/ezekielarakotoarijaona/.m2/repository/org/parboiled/parboiled-java/1.1.6/parboiled-java-1.1.6.jar:/Users/ezekielarakotoarijaona/.m2/repository/org/parboiled/parboiled-core/1.1.6/parboiled-core-1.1.6.jar:/Users/ezekielarakotoarijaona/.m2/repository/org/ow2/asm/asm-tree/4.1/asm-tree-4.1.jar:/Users/ezekielarakotoarijaona/.m2/repository/org/ow2/asm/asm-analysis/4.1/asm-analysis-4.1.jar:/Users/ezekielarakotoarijaona/.m2/repository/org/ow2/asm/asm-util/4.1/asm-util-4.1.jar:/Users/ezekielarakotoarijaona/.m2/repository/org/jsoup/jsoup/1.8.1/jsoup-1.8.1.jar:/Users/ezekielarakotoarijaona/.m2/repository/io/swagger/swagger-compat-spec-parser/1.0.25/swagger-compat-spec-parser-1.0.25.jar:/Users/ezekielarakotoarijaona/.m2/repository/io/swagger/swagger-core/1.5.12/swagger-core-1.5.12.jar:/Users/ezekielarakotoarijaona/.m2/repository/com/fasterxml/jackson/dataformat/jackson-dataformat-yaml/2.9.8/jackson-dataformat-yaml-2.9.8.jar:/Users/ezekielarakotoarijaona/.m2/repository/io/swagger/swagger-parser/1.0.25/swagger-parser-1.0.25.jar:/Users/ezekielarakotoarijaona/.m2/repository/org/slf4j/slf4j-ext/1.7.26/slf4j-ext-1.7.26.jar:/Users/ezekielarakotoarijaona/.m2/repository/com/github/fge/json-schema-validator/2.2.3/json-schema-validator-2.2.3.jar:/Users/ezekielarakotoarijaona/.m2/repository/com/github/fge/json-schema-core/1.2.1/json-schema-core-1.2.1.jar:/Users/ezekielarakotoarijaona/.m2/repository/com/github/fge/uri-template/0.9/uri-template-0.9.jar:/Users/ezekielarakotoarijaona/.m2/repository/org/mozilla/rhino/1.7R4/rhino-1.7R4.jar:/Users/ezekielarakotoarijaona/.m2/repository/com/googlecode/libphonenumber/libphonenumber/6.0/libphonenumber-6.0.jar:/Users/ezekielarakotoarijaona/.m2/repository/javax/mail/mailapi/1.4.3/mailapi-1.4.3.jar:/Users/ezekielarakotoarijaona/.m2/repository/javax/activation/activation/1.1/activation-1.1.jar:/Users/ezekielarakotoarijaona/.m2/repository/com/google/code/findbugs/jsr305/2.0.1/jsr305-2.0.1.jar:/Users/ezekielarakotoarijaona/.m2/repository/net/sf/jopt-simple/jopt-simple/4.6/jopt-simple-4.6.jar:/Users/ezekielarakotoarijaona/.m2/repository/com/github/fge/json-patch/1.6/json-patch-1.6.jar:/Users/ezekielarakotoarijaona/.m2/repository/com/github/fge/jackson-coreutils/1.6/jackson-coreutils-1.6.jar:/Users/ezekielarakotoarijaona/.m2/repository/com/github/fge/msg-simple/1.1/msg-simple-1.1.jar:/Users/ezekielarakotoarijaona/.m2/repository/com/github/fge/btf/1.2/btf-1.2.jar:/Users/ezekielarakotoarijaona/.m2/repository/org/apache/commons/commons-configuration2/2.1/commons-configuration2-2.1.jar:/Users/ezekielarakotoarijaona/.m2/repository/commons-logging/commons-logging/1.2/commons-logging-1.2.jar:/Users/ezekielarakotoarijaona/.m2/repository/commons-beanutils/commons-beanutils/1.9.2/commons-beanutils-1.9.2.jar:/Users/ezekielarakotoarijaona/.m2/repository/commons-collections/commons-collections/3.2.1/commons-collections-3.2.1.jar:/Users/ezekielarakotoarijaona/.m2/repository/org/apache/commons/commons-collections4/4.1/commons-collections4-4.1.jar:/Users/ezekielarakotoarijaona/.m2/repository/io/javaslang/javaslang/2.0.5/javaslang-2.0.5.jar:/Users/ezekielarakotoarijaona/.m2/repository/io/javaslang/javaslang-match/2.0.5/javaslang-match-2.0.5.jar:/Users/ezekielarakotoarijaona/.m2/repository/ch/netzwerg/paleo-core/0.10.2/paleo-core-0.10.2.jar:"/>
    <property name="java.vm.vendor" value="Oracle Corporation"/>
    <property name="sun.arch.data.model" value="64"/>
    <property name="java.vendor.url" value="https://java.oracle.com/"/>
    <property name="os.name" value="Mac OS X"/>
    <property name="java.vm.specification.version" value="12"/>
    <property name="sun.java.launcher" value="SUN_STANDARD"/>
    <property name="user.country" value="FR"/>
    <property name="sun.boot.library.path" value="/Library/Java/JavaVirtualMachines/jdk-12.jdk/Contents/Home/lib"/>
    <property name="sun.java.command" value="/Users/ezekielarakotoarijaona/Documents/Documents - MacBook Pro de Ezekiela/Etudes/M1/S8/WebServices/auto_coin_api/target/surefire/surefirebooter10444670884015367564.jar /Users/ezekielarakotoarijaona/Documents/Documents - MacBook Pro de Ezekiela/Etudes/M1/S8/WebServices/auto_coin_api/target/surefire 2019-06-03T18-45-26_549-jvmRun1 surefire8238082793355780145tmp surefire_012421891508174744002tmp"/>
    <property name="jdk.debug" value="release"/>
    <property name="surefire.test.class.path" value="/Users/ezekielarakotoarijaona/Documents/Documents - MacBook Pro de Ezekiela/Etudes/M1/S8/WebServices/auto_coin_api/target/test-classes:/Users/ezekielarakotoarijaona/Documents/Documents - MacBook Pro de Ezekiela/Etudes/M1/S8/WebServices/auto_coin_api/target/classes:/Users/ezekielarakotoarijaona/.m2/repository/org/springframework/boot/spring-boot-starter-web/2.1.4.RELEASE/spring-boot-starter-web-2.1.4.RELEASE.jar:/Users/ezekielarakotoarijaona/.m2/repository/org/springframework/boot/spring-boot-starter/2.1.4.RELEASE/spring-boot-starter-2.1.4.RELEASE.jar:/Users/ezekielarakotoarijaona/.m2/repository/org/springframework/boot/spring-boot-starter-logging/2.1.4.RELEASE/spring-boot-starter-logging-2.1.4.RELEASE.jar:/Users/ezekielarakotoarijaona/.m2/repository/org/apache/logging/log4j/log4j-to-slf4j/2.11.2/log4j-to-slf4j-2.11.2.jar:/Users/ezekielarakotoarijaona/.m2/repository/org/apache/logging/log4j/log4j-api/2.11.2/log4j-api-2.11.2.jar:/Users/ezekielarakotoarijaona/.m2/repository/org/slf4j/jul-to-slf4j/1.7.26/jul-to-slf4j-1.7.26.jar:/Users/ezekielarakotoarijaona/.m2/repository/javax/annotation/javax.annotation-api/1.3.2/javax.annotation-api-1.3.2.jar:/Users/ezekielarakotoarijaona/.m2/repository/org/yaml/snakeyaml/1.23/snakeyaml-1.23.jar:/Users/ezekielarakotoarijaona/.m2/repository/org/springframework/boot/spring-boot-starter-json/2.1.4.RELEASE/spring-boot-starter-json-2.1.4.RELEASE.jar:/Users/ezekielarakotoarijaona/.m2/repository/com/fasterxml/jackson/datatype/jackson-datatype-jdk8/2.9.8/jackson-datatype-jdk8-2.9.8.jar:/Users/ezekielarakotoarijaona/.m2/repository/com/fasterxml/jackson/datatype/jackson-datatype-jsr310/2.9.8/jackson-datatype-jsr310-2.9.8.jar:/Users/ezekielarakotoarijaona/.m2/repository/com/fasterxml/jackson/module/jackson-module-parameter-names/2.9.8/jackson-module-parameter-names-2.9.8.jar:/Users/ezekielarakotoarijaona/.m2/repository/org/springframework/boot/spring-boot-starter-tomcat/2.1.4.RELEASE/spring-boot-starter-tomcat-2.1.4.RELEASE.jar:/Users/ezekielarakotoarijaona/.m2/repository/org/apache/tomcat/embed/tomcat-embed-core/9.0.17/tomcat-embed-core-9.0.17.jar:/Users/ezekielarakotoarijaona/.m2/repository/org/apache/tomcat/embed/tomcat-embed-el/9.0.17/tomcat-embed-el-9.0.17.jar:/Users/ezekielarakotoarijaona/.m2/repository/org/apache/tomcat/embed/tomcat-embed-websocket/9.0.17/tomcat-embed-websocket-9.0.17.jar:/Users/ezekielarakotoarijaona/.m2/repository/org/hibernate/validator/hibernate-validator/6.0.16.Final/hibernate-validator-6.0.16.Final.jar:/Users/ezekielarakotoarijaona/.m2/repository/javax/validation/validation-api/2.0.1.Final/validation-api-2.0.1.Final.jar:/Users/ezekielarakotoarijaona/.m2/repository/org/jboss/logging/jboss-logging/3.3.2.Final/jboss-logging-3.3.2.Final.jar:/Users/ezekielarakotoarijaona/.m2/repository/org/springframework/spring-web/5.1.6.RELEASE/spring-web-5.1.6.RELEASE.jar:/Users/ezekielarakotoarijaona/.m2/repository/org/springframework/spring-webmvc/5.1.6.RELEASE/spring-webmvc-5.1.6.RELEASE.jar:/Users/ezekielarakotoarijaona/.m2/repository/org/springframework/boot/spring-boot-starter-test/2.1.4.RELEASE/spring-boot-starter-test-2.1.4.RELEASE.jar:/Users/ezekielarakotoarijaona/.m2/repository/org/springframework/boot/spring-boot-test/2.1.4.RELEASE/spring-boot-test-2.1.4.RELEASE.jar:/Users/ezekielarakotoarijaona/.m2/repository/org/springframework/boot/spring-boot-test-autoconfigure/2.1.4.RELEASE/spring-boot-test-autoconfigure-2.1.4.RELEASE.jar:/Users/ezekielarakotoarijaona/.m2/repository/com/jayway/jsonpath/json-path/2.4.0/json-path-2.4.0.jar:/Users/ezekielarakotoarijaona/.m2/repository/net/minidev/json-smart/2.3/json-smart-2.3.jar:/Users/ezekielarakotoarijaona/.m2/repository/net/minidev/accessors-smart/1.2/accessors-smart-1.2.jar:/Users/ezekielarakotoarijaona/.m2/repository/org/ow2/asm/asm/5.0.4/asm-5.0.4.jar:/Users/ezekielarakotoarijaona/.m2/repository/junit/junit/4.12/junit-4.12.jar:/Users/ezekielarakotoarijaona/.m2/repository/org/assertj/assertj-core/3.11.1/assertj-core-3.11.1.jar:/Users/ezekielarakotoarijaona/.m2/repository/org/mockito/mockito-core/2.23.4/mockito-core-2.23.4.jar:/Users/ezekielarakotoarijaona/.m2/repository/net/bytebuddy/byte-buddy/1.9.12/byte-buddy-1.9.12.jar:/Users/ezekielarakotoarijaona/.m2/repository/net/bytebuddy/byte-buddy-agent/1.9.12/byte-buddy-agent-1.9.12.jar:/Users/ezekielarakotoarijaona/.m2/repository/org/objenesis/objenesis/2.6/objenesis-2.6.jar:/Users/ezekielarakotoarijaona/.m2/repository/org/hamcrest/hamcrest-core/1.3/hamcrest-core-1.3.jar:/Users/ezekielarakotoarijaona/.m2/repository/org/hamcrest/hamcrest-library/1.3/hamcrest-library-1.3.jar:/Users/ezekielarakotoarijaona/.m2/repository/org/skyscreamer/jsonassert/1.5.0/jsonassert-1.5.0.jar:/Users/ezekielarakotoarijaona/.m2/repository/com/vaadin/external/google/android-json/0.0.20131108.vaadin1/android-json-0.0.20131108.vaadin1.jar:/Users/ezekielarakotoarijaona/.m2/repository/org/springframework/spring-core/5.1.6.RELEASE/spring-core-5.1.6.RELEASE.jar:/Users/ezekielarakotoarijaona/.m2/repository/org/springframework/spring-jcl/5.1.6.RELEASE/spring-jcl-5.1.6.RELEASE.jar:/Users/ezekielarakotoarijaona/.m2/repository/org/springframework/spring-test/5.1.6.RELEASE/spring-test-5.1.6.RELEASE.jar:/Users/ezekielarakotoarijaona/.m2/repository/org/xmlunit/xmlunit-core/2.6.2/xmlunit-core-2.6.2.jar:/Users/ezekielarakotoarijaona/.m2/repository/org/springframework/boot/spring-boot-devtools/2.1.4.RELEASE/spring-boot-devtools-2.1.4.RELEASE.jar:/Users/ezekielarakotoarijaona/.m2/repository/org/springframework/boot/spring-boot/2.1.4.RELEASE/spring-boot-2.1.4.RELEASE.jar:/Users/ezekielarakotoarijaona/.m2/repository/org/springframework/boot/spring-boot-autoconfigure/2.1.4.RELEASE/spring-boot-autoconfigure-2.1.4.RELEASE.jar:/Users/ezekielarakotoarijaona/.m2/repository/org/springframework/boot/spring-boot-starter-data-jpa/2.1.4.RELEASE/spring-boot-starter-data-jpa-2.1.4.RELEASE.jar:/Users/ezekielarakotoarijaona/.m2/repository/org/springframework/boot/spring-boot-starter-aop/2.1.4.RELEASE/spring-boot-starter-aop-2.1.4.RELEASE.jar:/Users/ezekielarakotoarijaona/.m2/repository/org/aspectj/aspectjweaver/1.9.2/aspectjweaver-1.9.2.jar:/Users/ezekielarakotoarijaona/.m2/repository/org/springframework/boot/spring-boot-starter-jdbc/2.1.4.RELEASE/spring-boot-starter-jdbc-2.1.4.RELEASE.jar:/Users/ezekielarakotoarijaona/.m2/repository/com/zaxxer/HikariCP/3.2.0/HikariCP-3.2.0.jar:/Users/ezekielarakotoarijaona/.m2/repository/org/springframework/spring-jdbc/5.1.6.RELEASE/spring-jdbc-5.1.6.RELEASE.jar:/Users/ezekielarakotoarijaona/.m2/repository/javax/transaction/javax.transaction-api/1.3/javax.transaction-api-1.3.jar:/Users/ezekielarakotoarijaona/.m2/repository/org/hibernate/hibernate-core/5.3.9.Final/hibernate-core-5.3.9.Final.jar:/Users/ezekielarakotoarijaona/.m2/repository/javax/persistence/javax.persistence-api/2.2/javax.persistence-api-2.2.jar:/Users/ezekielarakotoarijaona/.m2/repository/org/javassist/javassist/3.23.1-GA/javassist-3.23.1-GA.jar:/Users/ezekielarakotoarijaona/.m2/repository/antlr/antlr/2.7.7/antlr-2.7.7.jar:/Users/ezekielarakotoarijaona/.m2/repository/org/jboss/jandex/2.0.5.Final/jandex-2.0.5.Final.jar:/Users/ezekielarakotoarijaona/.m2/repository/org/dom4j/dom4j/2.1.1/dom4j-2.1.1.jar:/Users/ezekielarakotoarijaona/.m2/repository/org/hibernate/common/hibernate-commons-annotations/5.0.4.Final/hibernate-commons-annotations-5.0.4.Final.jar:/Users/ezekielarakotoarijaona/.m2/repository/org/springframework/data/spring-data-jpa/2.1.6.RELEASE/spring-data-jpa-2.1.6.RELEASE.jar:/Users/ezekielarakotoarijaona/.m2/repository/org/springframework/data/spring-data-commons/2.1.6.RELEASE/spring-data-commons-2.1.6.RELEASE.jar:/Users/ezekielarakotoarijaona/.m2/repository/org/springframework/spring-orm/5.1.6.RELEASE/spring-orm-5.1.6.RELEASE.jar:/Users/ezekielarakotoarijaona/.m2/repository/org/springframework/spring-tx/5.1.6.RELEASE/spring-tx-5.1.6.RELEASE.jar:/Users/ezekielarakotoarijaona/.m2/repository/org/springframework/spring-aspects/5.1.6.RELEASE/spring-aspects-5.1.6.RELEASE.jar:/Users/ezekielarakotoarijaona/.m2/repository/com/h2database/h2/1.4.199/h2-1.4.199.jar:/Users/ezekielarakotoarijaona/.m2/repository/io/swagger/swagger-annotations/1.5.21/swagger-annotations-1.5.21.jar:/Users/ezekielarakotoarijaona/.m2/repository/org/glassfish/jersey/core/jersey-client/2.25.1/jersey-client-2.25.1.jar:/Users/ezekielarakotoarijaona/.m2/repository/javax/ws/rs/javax.ws.rs-api/2.0.1/javax.ws.rs-api-2.0.1.jar:/Users/ezekielarakotoarijaona/.m2/repository/org/glassfish/jersey/core/jersey-common/2.27/jersey-common-2.27.jar:/Users/ezekielarakotoarijaona/.m2/repository/org/glassfish/hk2/osgi-resource-locator/1.0.1/osgi-resource-locator-1.0.1.jar:/Users/ezekielarakotoarijaona/.m2/repository/org/glassfish/hk2/hk2-api/2.5.0-b32/hk2-api-2.5.0-b32.jar:/Users/ezekielarakotoarijaona/.m2/repository/org/glassfish/hk2/hk2-utils/2.5.0-b32/hk2-utils-2.5.0-b32.jar:/Users/ezekielarakotoarijaona/.m2/repository/org/glassfish/hk2/external/aopalliance-repackaged/2.5.0-b32/aopalliance-repackaged-2.5.0-b32.jar:/Users/ezekielarakotoarijaona/.m2/repository/org/glassfish/hk2/external/javax.inject/2.5.0-b32/javax.inject-2.5.0-b32.jar:/Users/ezekielarakotoarijaona/.m2/repository/org/glassfish/hk2/hk2-locator/2.5.0-b32/hk2-locator-2.5.0-b32.jar:/Users/ezekielarakotoarijaona/.m2/repository/org/glassfish/jersey/media/jersey-media-json-jackson/2.25.1/jersey-media-json-jackson-2.25.1.jar:/Users/ezekielarakotoarijaona/.m2/repository/org/glassfish/jersey/ext/jersey-entity-filtering/2.27/jersey-entity-filtering-2.27.jar:/Users/ezekielarakotoarijaona/.m2/repository/org/glassfish/jersey/media/jersey-media-multipart/2.25.1/jersey-media-multipart-2.25.1.jar:/Users/ezekielarakotoarijaona/.m2/repository/org/jvnet/mimepull/mimepull/1.9.11/mimepull-1.9.11.jar:/Users/ezekielarakotoarijaona/.m2/repository/com/fasterxml/jackson/jaxrs/jackson-jaxrs-base/2.9.5/jackson-jaxrs-base-2.9.5.jar:/Users/ezekielarakotoarijaona/.m2/repository/com/fasterxml/jackson/core/jackson-core/2.9.5/jackson-core-2.9.5.jar:/Users/ezekielarakotoarijaona/.m2/repository/com/fasterxml/jackson/core/jackson-annotations/2.9.5/jackson-annotations-2.9.5.jar:/Users/ezekielarakotoarijaona/.m2/repository/com/fasterxml/jackson/core/jackson-databind/2.9.5/jackson-databind-2.9.5.jar:/Users/ezekielarakotoarijaona/.m2/repository/com/fasterxml/jackson/jaxrs/jackson-jaxrs-json-provider/2.9.5/jackson-jaxrs-json-provider-2.9.5.jar:/Users/ezekielarakotoarijaona/.m2/repository/com/fasterxml/jackson/module/jackson-module-jaxb-annotations/2.9.8/jackson-module-jaxb-annotations-2.9.8.jar:/Users/ezekielarakotoarijaona/.m2/repository/com/fasterxml/jackson/datatype/jackson-datatype-joda/2.9.5/jackson-datatype-joda-2.9.5.jar:/Users/ezekielarakotoarijaona/.m2/repository/joda-time/joda-time/2.7/joda-time-2.7.jar:/Users/ezekielarakotoarijaona/.m2/repository/com/brsanthu/migbase64/2.2/migbase64-2.2.jar:/Users/ezekielarakotoarijaona/.m2/repository/io/springfox/springfox-swagger2/2.9.2/springfox-swagger2-2.9.2.jar:/Users/ezekielarakotoarijaona/.m2/repository/io/swagger/swagger-models/1.5.20/swagger-models-1.5.20.jar:/Users/ezekielarakotoarijaona/.m2/repository/io/springfox/springfox-spi/2.9.2/springfox-spi-2.9.2.jar:/Users/ezekielarakotoarijaona/.m2/repository/io/springfox/springfox-core/2.9.2/springfox-core-2.9.2.jar:/Users/ezekielarakotoarijaona/.m2/repository/io/springfox/springfox-schema/2.9.2/springfox-schema-2.9.2.jar:/Users/ezekielarakotoarijaona/.m2/repository/io/springfox/springfox-swagger-common/2.9.2/springfox-swagger-common-2.9.2.jar:/Users/ezekielarakotoarijaona/.m2/repository/io/springfox/springfox-spring-web/2.9.2/springfox-spring-web-2.9.2.jar:/Users/ezekielarakotoarijaona/.m2/repository/com/google/guava/guava/20.0/guava-20.0.jar:/Users/ezekielarakotoarijaona/.m2/repository/com/fasterxml/classmate/1.4.0/classmate-1.4.0.jar:/Users/ezekielarakotoarijaona/.m2/repository/org/slf4j/slf4j-api/1.7.26/slf4j-api-1.7.26.jar:/Users/ezekielarakotoarijaona/.m2/repository/org/springframework/plugin/spring-plugin-core/1.2.0.RELEASE/spring-plugin-core-1.2.0.RELEASE.jar:/Users/ezekielarakotoarijaona/.m2/repository/org/springframework/plugin/spring-plugin-metadata/1.2.0.RELEASE/spring-plugin-metadata-1.2.0.RELEASE.jar:/Users/ezekielarakotoarijaona/.m2/repository/org/mapstruct/mapstruct/1.2.0.Final/mapstruct-1.2.0.Final.jar:/Users/ezekielarakotoarijaona/.m2/repository/javax/xml/bind/jaxb-api/2.3.1/jaxb-api-2.3.1.jar:/Users/ezekielarakotoarijaona/.m2/repository/javax/activation/javax.activation-api/1.2.0/javax.activation-api-1.2.0.jar:/Users/ezekielarakotoarijaona/.m2/repository/com/intuit/karate/karate-apache/0.9.2/karate-apache-0.9.2.jar:/Users/ezekielarakotoarijaona/.m2/repository/com/intuit/karate/karate-core/0.9.2/karate-core-0.9.2.jar:/Users/ezekielarakotoarijaona/.m2/repository/info/cukes/cucumber-java/1.2.5/cucumber-java-1.2.5.jar:/Users/ezekielarakotoarijaona/.m2/repository/info/cukes/cucumber-core/1.2.5/cucumber-core-1.2.5.jar:/Users/ezekielarakotoarijaona/.m2/repository/de/siegmar/fastcsv/1.0.3/fastcsv-1.0.3.jar:/Users/ezekielarakotoarijaona/.m2/repository/info/picocli/picocli/3.0.1/picocli-3.0.1.jar:/Users/ezekielarakotoarijaona/.m2/repository/org/apache/httpcomponents/httpclient/4.5.8/httpclient-4.5.8.jar:/Users/ezekielarakotoarijaona/.m2/repository/org/apache/httpcomponents/httpcore/4.4.11/httpcore-4.4.11.jar:/Users/ezekielarakotoarijaona/.m2/repository/commons-codec/commons-codec/1.11/commons-codec-1.11.jar:/Users/ezekielarakotoarijaona/.m2/repository/org/apache/httpcomponents/httpmime/4.5.8/httpmime-4.5.8.jar:/Users/ezekielarakotoarijaona/.m2/repository/org/slf4j/jcl-over-slf4j/1.7.26/jcl-over-slf4j-1.7.26.jar:/Users/ezekielarakotoarijaona/.m2/repository/ch/qos/logback/logback-classic/1.2.3/logback-classic-1.2.3.jar:/Users/ezekielarakotoarijaona/.m2/repository/ch/qos/logback/logback-core/1.2.3/logback-core-1.2.3.jar:/Users/ezekielarakotoarijaona/.m2/repository/org/openjfx/javafx-controls/12-ea+9/javafx-controls-12-ea+9.jar:/Users/ezekielarakotoarijaona/.m2/repository/org/openjfx/javafx-controls/12-ea+9/javafx-controls-12-ea+9-mac.jar:/Users/ezekielarakotoarijaona/.m2/repository/org/openjfx/javafx-graphics/12-ea+9/javafx-graphics-12-ea+9.jar:/Users/ezekielarakotoarijaona/.m2/repository/org/openjfx/javafx-graphics/12-ea+9/javafx-graphics-12-ea+9-mac.jar:/Users/ezekielarakotoarijaona/.m2/repository/org/openjfx/javafx-base/12-ea+9/javafx-base-12-ea+9.jar:/Users/ezekielarakotoarijaona/.m2/repository/org/openjfx/javafx-base/12-ea+9/javafx-base-12-ea+9-mac.jar:/Users/ezekielarakotoarijaona/.m2/repository/com/intuit/karate/karate-junit4/0.9.2/karate-junit4-0.9.2.jar:/Users/ezekielarakotoarijaona/.m2/repository/org/springframework/boot/spring-boot-starter-security/2.1.4.RELEASE/spring-boot-starter-security-2.1.4.RELEASE.jar:/Users/ezekielarakotoarijaona/.m2/repository/org/springframework/spring-aop/5.1.6.RELEASE/spring-aop-5.1.6.RELEASE.jar:/Users/ezekielarakotoarijaona/.m2/repository/org/springframework/security/spring-security-config/5.1.5.RELEASE/spring-security-config-5.1.5.RELEASE.jar:/Users/ezekielarakotoarijaona/.m2/repository/org/springframework/spring-beans/5.1.6.RELEASE/spring-beans-5.1.6.RELEASE.jar:/Users/ezekielarakotoarijaona/.m2/repository/org/springframework/spring-context/5.1.6.RELEASE/spring-context-5.1.6.RELEASE.jar:/Users/ezekielarakotoarijaona/.m2/repository/org/springframework/security/spring-security-core/5.1.5.RELEASE/spring-security-core-5.1.5.RELEASE.jar:/Users/ezekielarakotoarijaona/.m2/repository/org/springframework/spring-expression/5.1.6.RELEASE/spring-expression-5.1.6.RELEASE.jar:/Users/ezekielarakotoarijaona/.m2/repository/org/springframework/security/spring-security-web/5.1.5.RELEASE/spring-security-web-5.1.5.RELEASE.jar:/Users/ezekielarakotoarijaona/.m2/repository/com/byteowls/jopencage/1.2.1/jopencage-1.2.1.jar:/Users/ezekielarakotoarijaona/.m2/repository/io/github/swagger2markup/swagger2markup/1.3.1/swagger2markup-1.3.1.jar:/Users/ezekielarakotoarijaona/.m2/repository/io/github/swagger2markup/markup-document-builder/1.1.1/markup-document-builder-1.1.1.jar:/Users/ezekielarakotoarijaona/.m2/repository/org/apache/commons/commons-lang3/3.8.1/commons-lang3-3.8.1.jar:/Users/ezekielarakotoarijaona/.m2/repository/commons-io/commons-io/2.4/commons-io-2.4.jar:/Users/ezekielarakotoarijaona/.m2/repository/nl/jworks/markdown_to_asciidoc/markdown_to_asciidoc/1.0/markdown_to_asciidoc-1.0.jar:/Users/ezekielarakotoarijaona/.m2/repository/org/pegdown/pegdown/1.4.2/pegdown-1.4.2.jar:/Users/ezekielarakotoarijaona/.m2/repository/org/parboiled/parboiled-java/1.1.6/parboiled-java-1.1.6.jar:/Users/ezekielarakotoarijaona/.m2/repository/org/parboiled/parboiled-core/1.1.6/parboiled-core-1.1.6.jar:/Users/ezekielarakotoarijaona/.m2/repository/org/ow2/asm/asm-tree/4.1/asm-tree-4.1.jar:/Users/ezekielarakotoarijaona/.m2/repository/org/ow2/asm/asm-analysis/4.1/asm-analysis-4.1.jar:/Users/ezekielarakotoarijaona/.m2/repository/org/ow2/asm/asm-util/4.1/asm-util-4.1.jar:/Users/ezekielarakotoarijaona/.m2/repository/org/jsoup/jsoup/1.8.1/jsoup-1.8.1.jar:/Users/ezekielarakotoarijaona/.m2/repository/io/swagger/swagger-compat-spec-parser/1.0.25/swagger-compat-spec-parser-1.0.25.jar:/Users/ezekielarakotoarijaona/.m2/repository/io/swagger/swagger-core/1.5.12/swagger-core-1.5.12.jar:/Users/ezekielarakotoarijaona/.m2/repository/com/fasterxml/jackson/dataformat/jackson-dataformat-yaml/2.9.8/jackson-dataformat-yaml-2.9.8.jar:/Users/ezekielarakotoarijaona/.m2/repository/io/swagger/swagger-parser/1.0.25/swagger-parser-1.0.25.jar:/Users/ezekielarakotoarijaona/.m2/repository/org/slf4j/slf4j-ext/1.7.26/slf4j-ext-1.7.26.jar:/Users/ezekielarakotoarijaona/.m2/repository/com/github/fge/json-schema-validator/2.2.3/json-schema-validator-2.2.3.jar:/Users/ezekielarakotoarijaona/.m2/repository/com/github/fge/json-schema-core/1.2.1/json-schema-core-1.2.1.jar:/Users/ezekielarakotoarijaona/.m2/repository/com/github/fge/uri-template/0.9/uri-template-0.9.jar:/Users/ezekielarakotoarijaona/.m2/repository/org/mozilla/rhino/1.7R4/rhino-1.7R4.jar:/Users/ezekielarakotoarijaona/.m2/repository/com/googlecode/libphonenumber/libphonenumber/6.0/libphonenumber-6.0.jar:/Users/ezekielarakotoarijaona/.m2/repository/javax/mail/mailapi/1.4.3/mailapi-1.4.3.jar:/Users/ezekielarakotoarijaona/.m2/repository/javax/activation/activation/1.1/activation-1.1.jar:/Users/ezekielarakotoarijaona/.m2/repository/com/google/code/findbugs/jsr305/2.0.1/jsr305-2.0.1.jar:/Users/ezekielarakotoarijaona/.m2/repository/net/sf/jopt-simple/jopt-simple/4.6/jopt-simple-4.6.jar:/Users/ezekielarakotoarijaona/.m2/repository/com/github/fge/json-patch/1.6/json-patch-1.6.jar:/Users/ezekielarakotoarijaona/.m2/repository/com/github/fge/jackson-coreutils/1.6/jackson-coreutils-1.6.jar:/Users/ezekielarakotoarijaona/.m2/repository/com/github/fge/msg-simple/1.1/msg-simple-1.1.jar:/Users/ezekielarakotoarijaona/.m2/repository/com/github/fge/btf/1.2/btf-1.2.jar:/Users/ezekielarakotoarijaona/.m2/repository/org/apache/commons/commons-configuration2/2.1/commons-configuration2-2.1.jar:/Users/ezekielarakotoarijaona/.m2/repository/commons-logging/commons-logging/1.2/commons-logging-1.2.jar:/Users/ezekielarakotoarijaona/.m2/repository/commons-beanutils/commons-beanutils/1.9.2/commons-beanutils-1.9.2.jar:/Users/ezekielarakotoarijaona/.m2/repository/commons-collections/commons-collections/3.2.1/commons-collections-3.2.1.jar:/Users/ezekielarakotoarijaona/.m2/repository/org/apache/commons/commons-collections4/4.1/commons-collections4-4.1.jar:/Users/ezekielarakotoarijaona/.m2/repository/io/javaslang/javaslang/2.0.5/javaslang-2.0.5.jar:/Users/ezekielarakotoarijaona/.m2/repository/io/javaslang/javaslang-match/2.0.5/javaslang-match-2.0.5.jar:/Users/ezekielarakotoarijaona/.m2/repository/ch/netzwerg/paleo-core/0.10.2/paleo-core-0.10.2.jar:"/>
    <property name="sun.cpu.endian" value="little"/>
    <property name="user.home" value="/Users/ezekielarakotoarijaona"/>
    <property name="user.language" value="en"/>
    <property name="java.specification.vendor" value="Oracle Corporation"/>
    <property name="java.version.date" value="2019-03-19"/>
    <property name="java.home" value="/Library/Java/JavaVirtualMachines/jdk-12.jdk/Contents/Home"/>
    <property name="file.separator" value="/"/>
    <property name="basedir" value="/Users/ezekielarakotoarijaona/Documents/Documents - MacBook Pro de Ezekiela/Etudes/M1/S8/WebServices/auto_coin_api"/>
    <property name="java.vm.compressedOopsMode" value="Zero based"/>
    <property name="line.separator" value="&#10;"/>
    <property name="java.specification.name" value="Java Platform API Specification"/>
    <property name="java.vm.specification.vendor" value="Oracle Corporation"/>
    <property name="java.awt.graphicsenv" value="sun.awt.CGraphicsEnvironment"/>
    <property name="surefire.real.class.path" value="/Users/ezekielarakotoarijaona/Documents/Documents - MacBook Pro de Ezekiela/Etudes/M1/S8/WebServices/auto_coin_api/target/surefire/surefirebooter10444670884015367564.jar"/>
    <property name="sun.management.compiler" value="HotSpot 64-Bit Tiered Compilers"/>
    <property name="java.runtime.version" value="12+33"/>
    <property name="user.name" value="ezekielarakotoarijaona"/>
    <property name="path.separator" value=":"/>
    <property name="os.version" value="10.14.5"/>
    <property name="java.runtime.name" value="Java(TM) SE Runtime Environment"/>
    <property name="file.encoding" value="UTF-8"/>
    <property name="java.vm.name" value="Java HotSpot(TM) 64-Bit Server VM"/>
    <property name="localRepository" value="/Users/ezekielarakotoarijaona/.m2/repository"/>
    <property name="java.vendor.url.bug" value="https://bugreport.java.com/bugreport/"/>
    <property name="java.io.tmpdir" value="/var/folders/z_/4wv4y1kd1xjgqwybxmsm7bz00000gn/T/"/>
    <property name="java.version" value="12"/>
    <property name="user.dir" value="/Users/ezekielarakotoarijaona/Documents/Documents - MacBook Pro de Ezekiela/Etudes/M1/S8/WebServices/auto_coin_api"/>
    <property name="os.arch" value="x86_64"/>
    <property name="java.vm.specification.name" value="Java Virtual Machine Specification"/>
    <property name="idea.version2019.1.2" value="true"/>
    <property name="java.library.path" value="/Users/ezekielarakotoarijaona/Library/Java/Extensions:/Library/Java/Extensions:/Network/Library/Java/Extensions:/System/Library/Java/Extensions:/usr/lib/java:."/>
    <property name="java.vm.info" value="mixed mode, sharing"/>
    <property name="java.vendor" value="Oracle Corporation"/>
    <property name="java.vm.version" value="12+33"/>
    <property name="sun.io.unicode.encoding" value="UnicodeBig"/>
    <property name="java.class.version" value="56.0"/>
  </properties>
  <testcase name="[1:7] Import several data at once" classname="[garage]" time="3.093"/>
  <testcase name="[2:25] GET all the user partners" classname="[garage]" time="0.044"/>
  <testcase name="[3:30] GET all the garages" classname="[garage]" time="0.036"/>
  <testcase name="[4:35] Delete an existing garage" classname="[garage]" time="0.033"/>
  <testcase name="[5:40] Delete a non-existing garage" classname="[garage]" time="0.019"/>
  <testcase name="[6:45] GET an existing garage" classname="[garage]" time="0.02"/>
  <testcase name="[7:50] GET a non-existing garage" classname="[garage]" time="0.019"/>
  <testcase name="[8:55] Testing the response if the size of the table corresponds to the real one" classname="[garage]" time="0.05"/>
  <testcase name="[9:61] Testing the Address Filter of GET" classname="[garage]" time="0.503"/>
  <testcase name="[10:68] Testing the POST of an invalid partner" classname="[garage]" time="0.019"/>
  <testcase name="[11:74] Basic update on an existing garage" classname="[garage]" time="0.445"/>
  <testcase name="[12:80] Basic update on a garage which does not exist" classname="[garage]" time="0.014"/>
</testsuite>